<?xml version="1.0" encoding="UTF-8"?>
<testsuite xmlns:xsi="http://www.w3.org/2001/XMLSchema-instance" xsi:noNamespaceSchemaLocation="https://maven.apache.org/surefire/maven-surefire-plugin/xsd/surefire-test-report-3.0.xsd" version="3.0" name="TestSuite" time="11.646" tests="3" errors="0" skipped="0" failures="1">
  <properties>
    <property name="gopherProxySet" value="false"/>
    <property name="awt.toolkit" value="sun.lwawt.macosx.LWCToolkit"/>
    <property name="java.specification.version" value="11"/>
    <property name="sun.cpu.isalist" value=""/>
    <property name="sun.jnu.encoding" value="UTF-8"/>
    <property name="java.class.path" value="/Users/viveksundarajan/S2Assignment/target/test-classes:/Users/viveksundarajan/S2Assignment/target/classes:/Users/viveksundarajan/.m2/repository/junit/junit/4.11/junit-4.11.jar:/Users/viveksundarajan/.m2/repository/org/hamcrest/hamcrest-core/1.3/hamcrest-core-1.3.jar:/Users/viveksundarajan/.m2/repository/org/seleniumhq/selenium/selenium-java/3.141.59/selenium-java-3.141.59.jar:/Users/viveksundarajan/.m2/repository/org/seleniumhq/selenium/selenium-api/3.141.59/selenium-api-3.141.59.jar:/Users/viveksundarajan/.m2/repository/org/seleniumhq/selenium/selenium-chrome-driver/3.141.59/selenium-chrome-driver-3.141.59.jar:/Users/viveksundarajan/.m2/repository/org/seleniumhq/selenium/selenium-edge-driver/3.141.59/selenium-edge-driver-3.141.59.jar:/Users/viveksundarajan/.m2/repository/org/seleniumhq/selenium/selenium-firefox-driver/3.141.59/selenium-firefox-driver-3.141.59.jar:/Users/viveksundarajan/.m2/repository/org/seleniumhq/selenium/selenium-ie-driver/3.141.59/selenium-ie-driver-3.141.59.jar:/Users/viveksundarajan/.m2/repository/org/seleniumhq/selenium/selenium-opera-driver/3.141.59/selenium-opera-driver-3.141.59.jar:/Users/viveksundarajan/.m2/repository/org/seleniumhq/selenium/selenium-remote-driver/3.141.59/selenium-remote-driver-3.141.59.jar:/Users/viveksundarajan/.m2/repository/org/seleniumhq/selenium/selenium-safari-driver/3.141.59/selenium-safari-driver-3.141.59.jar:/Users/viveksundarajan/.m2/repository/org/seleniumhq/selenium/selenium-support/3.141.59/selenium-support-3.141.59.jar:/Users/viveksundarajan/.m2/repository/net/bytebuddy/byte-buddy/1.8.15/byte-buddy-1.8.15.jar:/Users/viveksundarajan/.m2/repository/org/apache/commons/commons-exec/1.3/commons-exec-1.3.jar:/Users/viveksundarajan/.m2/repository/com/google/guava/guava/25.0-jre/guava-25.0-jre.jar:/Users/viveksundarajan/.m2/repository/com/google/code/findbugs/jsr305/1.3.9/jsr305-1.3.9.jar:/Users/viveksundarajan/.m2/repository/org/checkerframework/checker-compat-qual/2.0.0/checker-compat-qual-2.0.0.jar:/Users/viveksundarajan/.m2/repository/com/google/errorprone/error_prone_annotations/2.1.3/error_prone_annotations-2.1.3.jar:/Users/viveksundarajan/.m2/repository/com/google/j2objc/j2objc-annotations/1.1/j2objc-annotations-1.1.jar:/Users/viveksundarajan/.m2/repository/org/codehaus/mojo/animal-sniffer-annotations/1.14/animal-sniffer-annotations-1.14.jar:/Users/viveksundarajan/.m2/repository/com/squareup/okhttp3/okhttp/3.11.0/okhttp-3.11.0.jar:/Users/viveksundarajan/.m2/repository/com/squareup/okio/okio/1.14.0/okio-1.14.0.jar:/Users/viveksundarajan/.m2/repository/org/testng/testng/7.1.0/testng-7.1.0.jar:/Users/viveksundarajan/.m2/repository/com/beust/jcommander/1.72/jcommander-1.72.jar:/Users/viveksundarajan/.m2/repository/com/google/inject/guice/4.1.0/guice-4.1.0-no_aop.jar:/Users/viveksundarajan/.m2/repository/javax/inject/javax.inject/1/javax.inject-1.jar:/Users/viveksundarajan/.m2/repository/aopalliance/aopalliance/1.0/aopalliance-1.0.jar:/Users/viveksundarajan/.m2/repository/org/yaml/snakeyaml/1.21/snakeyaml-1.21.jar:/Users/viveksundarajan/.m2/repository/com/sun/mail/javax.mail/1.6.2/javax.mail-1.6.2.jar:/Users/viveksundarajan/.m2/repository/javax/activation/activation/1.1/activation-1.1.jar:/Users/viveksundarajan/.m2/repository/com/google/code/gson/gson/2.8.6/gson-2.8.6.jar:/Users/viveksundarajan/.m2/repository/com/googlecode/json-simple/json-simple/1.1.1/json-simple-1.1.1.jar:/Users/viveksundarajan/.m2/repository/io/rest-assured/rest-assured/4.5.1/rest-assured-4.5.1.jar:/Users/viveksundarajan/.m2/repository/org/codehaus/groovy/groovy/3.0.9/groovy-3.0.9.jar:/Users/viveksundarajan/.m2/repository/org/codehaus/groovy/groovy-xml/3.0.9/groovy-xml-3.0.9.jar:/Users/viveksundarajan/.m2/repository/org/apache/httpcomponents/httpclient/4.5.13/httpclient-4.5.13.jar:/Users/viveksundarajan/.m2/repository/org/apache/httpcomponents/httpcore/4.4.13/httpcore-4.4.13.jar:/Users/viveksundarajan/.m2/repository/commons-logging/commons-logging/1.2/commons-logging-1.2.jar:/Users/viveksundarajan/.m2/repository/commons-codec/commons-codec/1.11/commons-codec-1.11.jar:/Users/viveksundarajan/.m2/repository/org/apache/httpcomponents/httpmime/4.5.13/httpmime-4.5.13.jar:/Users/viveksundarajan/.m2/repository/org/hamcrest/hamcrest/2.1/hamcrest-2.1.jar:/Users/viveksundarajan/.m2/repository/org/ccil/cowan/tagsoup/tagsoup/1.2.1/tagsoup-1.2.1.jar:/Users/viveksundarajan/.m2/repository/io/rest-assured/json-path/4.5.1/json-path-4.5.1.jar:/Users/viveksundarajan/.m2/repository/org/codehaus/groovy/groovy-json/3.0.9/groovy-json-3.0.9.jar:/Users/viveksundarajan/.m2/repository/io/rest-assured/rest-assured-common/4.5.1/rest-assured-common-4.5.1.jar:/Users/viveksundarajan/.m2/repository/io/rest-assured/xml-path/4.5.1/xml-path-4.5.1.jar:/Users/viveksundarajan/.m2/repository/org/apache/commons/commons-lang3/3.11/commons-lang3-3.11.jar:"/>
    <property name="java.vm.vendor" value="Oracle Corporation"/>
    <property name="sun.arch.data.model" value="64"/>
    <property name="java.vendor.url" value="https://openjdk.java.net/"/>
    <property name="user.timezone" value=""/>
    <property name="java.vm.specification.version" value="11"/>
    <property name="os.name" value="Mac OS X"/>
    <property name="sun.java.launcher" value="SUN_STANDARD"/>
    <property name="user.country" value="GB"/>
    <property name="sun.boot.library.path" value="/Library/Java/JavaVirtualMachines/jdk-11.0.12.jdk/Contents/Home/lib"/>
    <property name="sun.java.command" value="/Users/viveksundarajan/S2Assignment/target/surefire/surefirebooter17250663472342541491.jar /Users/viveksundarajan/S2Assignment/target/surefire 2022-02-15T14-36-38_397-jvmRun1 surefire6815055190691388125tmp surefire_05046206835572533951tmp"/>
    <property name="jdk.debug" value="release"/>
    <property name="surefire.test.class.path" value="/Users/viveksundarajan/S2Assignment/target/test-classes:/Users/viveksundarajan/S2Assignment/target/classes:/Users/viveksundarajan/.m2/repository/junit/junit/4.11/junit-4.11.jar:/Users/viveksundarajan/.m2/repository/org/hamcrest/hamcrest-core/1.3/hamcrest-core-1.3.jar:/Users/viveksundarajan/.m2/repository/org/seleniumhq/selenium/selenium-java/3.141.59/selenium-java-3.141.59.jar:/Users/viveksundarajan/.m2/repository/org/seleniumhq/selenium/selenium-api/3.141.59/selenium-api-3.141.59.jar:/Users/viveksundarajan/.m2/repository/org/seleniumhq/selenium/selenium-chrome-driver/3.141.59/selenium-chrome-driver-3.141.59.jar:/Users/viveksundarajan/.m2/repository/org/seleniumhq/selenium/selenium-edge-driver/3.141.59/selenium-edge-driver-3.141.59.jar:/Users/viveksundarajan/.m2/repository/org/seleniumhq/selenium/selenium-firefox-driver/3.141.59/selenium-firefox-driver-3.141.59.jar:/Users/viveksundarajan/.m2/repository/org/seleniumhq/selenium/selenium-ie-driver/3.141.59/selenium-ie-driver-3.141.59.jar:/Users/viveksundarajan/.m2/repository/org/seleniumhq/selenium/selenium-opera-driver/3.141.59/selenium-opera-driver-3.141.59.jar:/Users/viveksundarajan/.m2/repository/org/seleniumhq/selenium/selenium-remote-driver/3.141.59/selenium-remote-driver-3.141.59.jar:/Users/viveksundarajan/.m2/repository/org/seleniumhq/selenium/selenium-safari-driver/3.141.59/selenium-safari-driver-3.141.59.jar:/Users/viveksundarajan/.m2/repository/org/seleniumhq/selenium/selenium-support/3.141.59/selenium-support-3.141.59.jar:/Users/viveksundarajan/.m2/repository/net/bytebuddy/byte-buddy/1.8.15/byte-buddy-1.8.15.jar:/Users/viveksundarajan/.m2/repository/org/apache/commons/commons-exec/1.3/commons-exec-1.3.jar:/Users/viveksundarajan/.m2/repository/com/google/guava/guava/25.0-jre/guava-25.0-jre.jar:/Users/viveksundarajan/.m2/repository/com/google/code/findbugs/jsr305/1.3.9/jsr305-1.3.9.jar:/Users/viveksundarajan/.m2/repository/org/checkerframework/checker-compat-qual/2.0.0/checker-compat-qual-2.0.0.jar:/Users/viveksundarajan/.m2/repository/com/google/errorprone/error_prone_annotations/2.1.3/error_prone_annotations-2.1.3.jar:/Users/viveksundarajan/.m2/repository/com/google/j2objc/j2objc-annotations/1.1/j2objc-annotations-1.1.jar:/Users/viveksundarajan/.m2/repository/org/codehaus/mojo/animal-sniffer-annotations/1.14/animal-sniffer-annotations-1.14.jar:/Users/viveksundarajan/.m2/repository/com/squareup/okhttp3/okhttp/3.11.0/okhttp-3.11.0.jar:/Users/viveksundarajan/.m2/repository/com/squareup/okio/okio/1.14.0/okio-1.14.0.jar:/Users/viveksundarajan/.m2/repository/org/testng/testng/7.1.0/testng-7.1.0.jar:/Users/viveksundarajan/.m2/repository/com/beust/jcommander/1.72/jcommander-1.72.jar:/Users/viveksundarajan/.m2/repository/com/google/inject/guice/4.1.0/guice-4.1.0-no_aop.jar:/Users/viveksundarajan/.m2/repository/javax/inject/javax.inject/1/javax.inject-1.jar:/Users/viveksundarajan/.m2/repository/aopalliance/aopalliance/1.0/aopalliance-1.0.jar:/Users/viveksundarajan/.m2/repository/org/yaml/snakeyaml/1.21/snakeyaml-1.21.jar:/Users/viveksundarajan/.m2/repository/com/sun/mail/javax.mail/1.6.2/javax.mail-1.6.2.jar:/Users/viveksundarajan/.m2/repository/javax/activation/activation/1.1/activation-1.1.jar:/Users/viveksundarajan/.m2/repository/com/google/code/gson/gson/2.8.6/gson-2.8.6.jar:/Users/viveksundarajan/.m2/repository/com/googlecode/json-simple/json-simple/1.1.1/json-simple-1.1.1.jar:/Users/viveksundarajan/.m2/repository/io/rest-assured/rest-assured/4.5.1/rest-assured-4.5.1.jar:/Users/viveksundarajan/.m2/repository/org/codehaus/groovy/groovy/3.0.9/groovy-3.0.9.jar:/Users/viveksundarajan/.m2/repository/org/codehaus/groovy/groovy-xml/3.0.9/groovy-xml-3.0.9.jar:/Users/viveksundarajan/.m2/repository/org/apache/httpcomponents/httpclient/4.5.13/httpclient-4.5.13.jar:/Users/viveksundarajan/.m2/repository/org/apache/httpcomponents/httpcore/4.4.13/httpcore-4.4.13.jar:/Users/viveksundarajan/.m2/repository/commons-logging/commons-logging/1.2/commons-logging-1.2.jar:/Users/viveksundarajan/.m2/repository/commons-codec/commons-codec/1.11/commons-codec-1.11.jar:/Users/viveksundarajan/.m2/repository/org/apache/httpcomponents/httpmime/4.5.13/httpmime-4.5.13.jar:/Users/viveksundarajan/.m2/repository/org/hamcrest/hamcrest/2.1/hamcrest-2.1.jar:/Users/viveksundarajan/.m2/repository/org/ccil/cowan/tagsoup/tagsoup/1.2.1/tagsoup-1.2.1.jar:/Users/viveksundarajan/.m2/repository/io/rest-assured/json-path/4.5.1/json-path-4.5.1.jar:/Users/viveksundarajan/.m2/repository/org/codehaus/groovy/groovy-json/3.0.9/groovy-json-3.0.9.jar:/Users/viveksundarajan/.m2/repository/io/rest-assured/rest-assured-common/4.5.1/rest-assured-common-4.5.1.jar:/Users/viveksundarajan/.m2/repository/io/rest-assured/xml-path/4.5.1/xml-path-4.5.1.jar:/Users/viveksundarajan/.m2/repository/org/apache/commons/commons-lang3/3.11/commons-lang3-3.11.jar:"/>
    <property name="sun.cpu.endian" value="little"/>
    <property name="user.home" value="/Users/viveksundarajan"/>
    <property name="user.language" value="en"/>
    <property name="java.specification.vendor" value="Oracle Corporation"/>
    <property name="java.version.date" value="2021-07-20"/>
    <property name="java.home" value="/Library/Java/JavaVirtualMachines/jdk-11.0.12.jdk/Contents/Home"/>
    <property name="file.separator" value="/"/>
    <property name="basedir" value="/Users/viveksundarajan/S2Assignment"/>
    <property name="java.vm.compressedOopsMode" value="Zero based"/>
    <property name="line.separator" value="&#10;"/>
    <property name="java.specification.name" value="Java Platform API Specification"/>
    <property name="java.vm.specification.vendor" value="Oracle Corporation"/>
    <property name="java.awt.graphicsenv" value="sun.awt.CGraphicsEnvironment"/>
    <property name="surefire.real.class.path" value="/Users/viveksundarajan/S2Assignment/target/surefire/surefirebooter17250663472342541491.jar"/>
    <property name="sun.management.compiler" value="HotSpot 64-Bit Tiered Compilers"/>
    <property name="java.runtime.version" value="11.0.12+8-LTS-237"/>
    <property name="user.name" value="viveksundarajan"/>
    <property name="path.separator" value=":"/>
    <property name="os.version" value="11.1"/>
    <property name="java.runtime.name" value="Java(TM) SE Runtime Environment"/>
    <property name="file.encoding" value="UTF-8"/>
    <property name="java.vm.name" value="Java HotSpot(TM) 64-Bit Server VM"/>
    <property name="java.vendor.version" value="18.9"/>
    <property name="localRepository" value="/Users/viveksundarajan/.m2/repository"/>
    <property name="java.vendor.url.bug" value="https://bugreport.java.com/bugreport/"/>
    <property name="java.io.tmpdir" value="/var/folders/p9/k2kf4gs103q2hgtv6d5129nw0000gp/T/"/>
    <property name="java.version" value="11.0.12"/>
    <property name="user.dir" value="/Users/viveksundarajan/S2Assignment"/>
    <property name="os.arch" value="x86_64"/>
    <property name="java.vm.specification.name" value="Java Virtual Machine Specification"/>
    <property name="java.awt.printerjob" value="sun.lwawt.macosx.CPrinterJob"/>
    <property name="sun.os.patch.level" value="unknown"/>
    <property name="java.library.path" value="/Users/viveksundarajan/Library/Java/Extensions:/Library/Java/Extensions:/Network/Library/Java/Extensions:/System/Library/Java/Extensions:/usr/lib/java:."/>
    <property name="java.vendor" value="Oracle Corporation"/>
    <property name="java.vm.info" value="mixed mode"/>
    <property name="java.vm.version" value="11.0.12+8-LTS-237"/>
    <property name="sun.io.unicode.encoding" value="UnicodeBig"/>
    <property name="java.class.version" value="55.0"/>
  </properties>
  <testcase name="verifyBasicAuth" classname="org.examples.BasicAuthTest" time="1.817"/>
  <testcase name="verifySliderValues" classname="org.examples.SliderTest" time="2.104"/>
  <testcase name="verifyBrokenImages" classname="org.examples.BrokenImageTest" time="3.237">
    <failure message="images are broken expected [true] but found [false]" type="java.lang.AssertionError">java.lang.AssertionError: images are broken expected [true] but found [false]
	at org.examples.BrokenImageTest.verifyBrokenImages(BrokenImageTest.java:22)
</failure>
    <system-out><![CDATA[404
]]></system-out>
    <system-err><![CDATA[Starting ChromeDriver 98.0.4758.102 (273bf7ac8c909cde36982d27f66f3c70846a3718-refs/branch-heads/4758@{#1151}) on port 33849
Only local connections are allowed.
Please see https://chromedriver.chromium.org/security-considerations for suggestions on keeping ChromeDriver safe.
ChromeDriver was started successfully.
Feb 15, 2022 2:36:46 PM org.openqa.selenium.remote.ProtocolHandshake createSession
INFO: Detected dialect: W3C
]]></system-err>
  </testcase>
</testsuite>