<?xml version="1.0" encoding="UTF-8"?>
<!-- Generated by org.testng.reporters.JUnitReportReporter -->
<testsuite hostname="admins-MacBook-Pro.local" failures="0" tests="1" name="org.examples.BasicAuthTest" time="3.293" errors="0" timestamp="2022-02-15T18:26:45 CET" skipped="0">
  <testcase classname="org.examples.BasicAuthTest" name="verifyBasicAuth" time="3.293"/>
  <system-out/>
</testsuite> <!-- org.examples.BasicAuthTest -->
